<?xml version="1.0" encoding="UTF-8"?>
<!-- Generated by org.testng.reporters.JUnitReportReporter -->
<testsuite hostname="AhadPC" failures="0" tests="3" name="tek.tdd.tests.LoginTest" time="16.075" errors="0" timestamp="2024-09-02T19:29:47 EDT" skipped="0">
  <testcase classname="tek.tdd.tests.LoginTest" name="loginTest" time="5.054"/>
  <testcase classname="tek.tdd.tests.LoginTest" name="loginAndLogoutTest" time="5.863"/>
  <testcase classname="tek.tdd.tests.LoginTest" name="invalidUserLoginTest" time="5.158"/>
  <system-out>
    <![CDATA[Tek Insurance UI 5 rows are present on account page]]>
  </system-out>
</testsuite> <!-- tek.tdd.tests.LoginTest -->
