<?xml version="1.0" encoding="UTF-8"?>
<!-- Generated by org.testng.reporters.JUnitReportReporter -->
<testsuite hostname="AhadPC" failures="0" tests="3" name="tek.tdd.tests.AccountTest" time="21.304" errors="0" timestamp="2024-09-02T19:29:47 EDT" skipped="0">
  <testcase classname="tek.tdd.tests.AccountTest" name="validateAccountsOnProfile" time="7.338">
    <system-out>
      <![CDATA[Tek Insurance UI 5 rows are present on account page]]>
    </system-out>
  </testcase> <!-- validateAccountsOnProfile -->
  <testcase classname="tek.tdd.tests.AccountTest" name="signIn" time="3.806"/>
  <testcase classname="tek.tdd.tests.AccountTest" name="accountShowPerPage" time="10.160"/>
  <system-out>
    <![CDATA[Tek Insurance UI 5 rows are present on account page]]>
  </system-out>
</testsuite> <!-- tek.tdd.tests.AccountTest -->
