<?xml version="1.0" encoding="UTF-8"?>
<!-- Generated by org.testng.reporters.JUnitReportReporter -->
<testsuite hostname="AhadPC" failures="0" tests="1" name="tek.tdd.tests.CreateAccountTest" time="25.842" errors="0" timestamp="2024-09-04T11:40:28 EDT" skipped="0">
  <testcase classname="tek.tdd.tests.CreateAccountTest" name="signIn" time="25.842"/>
</testsuite> <!-- tek.tdd.tests.CreateAccountTest -->
