<?xml version="1.0" encoding="UTF-8"?>
<!-- Generated by org.testng.reporters.JUnitReportReporter -->
<testsuite hostname="AhadPC" failures="0" tests="2" name="tek.tdd.tests.UserProfileTest" time="10.673" errors="0" timestamp="2024-09-02T19:29:47 EDT" skipped="0">
  <testcase classname="tek.tdd.tests.UserProfileTest" name="loginAndLogoutTest" time="5.426"/>
  <testcase classname="tek.tdd.tests.UserProfileTest" name="validateUserProfile" time="5.247"/>
  <system-out>
    <![CDATA[Tek Insurance UI 5 rows are present on account page]]>
  </system-out>
</testsuite> <!-- tek.tdd.tests.UserProfileTest -->
