<?xml version="1.0" encoding="UTF-8"?>
<!-- Generated by org.testng.reporters.JUnitReportReporter -->
<testsuite hostname="AhadPC" failures="0" tests="2" name="tek.tdd.tests.HomeTest" time="7.254" errors="0" timestamp="2024-09-02T19:29:47 EDT" skipped="0">
  <testcase classname="tek.tdd.tests.HomeTest" name="validateHomePage" time="3.448"/>
  <testcase classname="tek.tdd.tests.HomeTest" name="validateCreatePrimaryAccount" time="3.806"/>
  <system-out>
    <![CDATA[Tek Insurance UI 5 rows are present on account page]]>
  </system-out>
</testsuite> <!-- tek.tdd.tests.HomeTest -->
