<?xml version="1.0" encoding="UTF-8"?>
<!-- Generated by org.testng.reporters.JUnitReportReporter -->
<testsuite hostname="AhadPC" failures="0" tests="3" name="tek.tdd.tests.PlansTest" time="17.700" errors="0" timestamp="2024-09-02T19:29:47 EDT" skipped="0">
  <testcase classname="tek.tdd.tests.PlansTest" name="creatDate" time="6.548"/>
  <testcase classname="tek.tdd.tests.PlansTest" name="sigin" time="4.688"/>
  <testcase classname="tek.tdd.tests.PlansTest" name="validatePlansPage" time="6.464"/>
  <system-out>
    <![CDATA[Tek Insurance UI 5 rows are present on account page]]>
  </system-out>
</testsuite> <!-- tek.tdd.tests.PlansTest -->
